2025-12-03 07:05:41, MOVE, v:1, k:poo@agiota, mode:DOWN
2025-12-03 07:05:42, MOVE, v:1, k:poo@agiota, mode:PICK
2025-12-03 07:05:43, EXEC, v:1, k:poo@agiota, mode:FULL, rate:0, size:0
2025-12-03 07:05:59, EXEC, v:1, k:poo@agiota, mode:FULL, rate:0
2025-12-03 07:12:46, EXEC, v:1, k:poo@agiota, mode:FULL, rate:0
2025-12-03 07:12:47, EXEC, v:1, k:poo@agiota, mode:FULL, rate:0
2025-12-03 07:23:13, EXEC, v:1, k:poo@agiota, mode:FULL, rate:0
2025-12-03 07:23:14, EXEC, v:1, k:poo@agiota, mode:FULL, rate:0
2025-12-03 07:23:26, EXEC, v:1, k:poo@agiota, mode:FULL, rate:0, size:9
2025-12-03 07:29:18, EXEC, v:1, k:poo@agiota, mode:FULL, rate:0
2025-12-03 07:29:20, EXEC, v:1, k:poo@agiota, mode:FULL, rate:0
2025-12-03 07:29:32, EXEC, v:1, k:poo@agiota, mode:FULL, rate:0, size:37
2025-12-03 07:38:45, EXEC, v:1, k:poo@agiota, mode:FULL, rate:0
2025-12-03 07:38:45, EXEC, v:1, k:poo@agiota, mode:FULL, rate:0
2025-12-03 07:38:46, EXEC, v:1, k:poo@agiota, mode:FULL, rate:0
2025-12-03 21:15:26, EXEC, v:1, k:poo@agiota, mode:FULL, rate:0
2025-12-03 21:15:26, EXEC, v:1, k:poo@agiota, mode:FULL, rate:0
2025-12-03 21:15:26, EXEC, v:1, k:poo@agiota, mode:FULL, rate:0
2025-12-03 21:15:27, MOVE, v:1, k:poo@agiota, mode:BACK
2025-12-03 21:15:33, MOVE, v:1, k:poo@agiota, mode:PICK
2025-12-03 21:15:33, EXEC, v:1, k:poo@agiota, mode:FULL, rate:0
2025-12-03 21:15:34, EXEC, v:1, k:poo@agiota, mode:FULL, rate:0
2025-12-03 22:04:30, EXEC, v:1, k:poo@agiota, mode:FULL, rate:0, size:81
2025-12-03 22:04:31, MOVE, v:1, k:poo@agiota, mode:BACK
2025-12-03 22:04:32, MOVE, v:1, k:poo@agiota, mode:PICK
2025-12-03 22:04:33, EXEC, v:1, k:poo@agiota, mode:FULL, rate:0
2025-12-03 22:04:33, EXEC, v:1, k:poo@agiota, mode:FULL, rate:0
2025-12-03 22:32:46, EXEC, v:1, k:poo@agiota, mode:FULL, rate:0
2025-12-03 22:32:47, MOVE, v:1, k:poo@agiota, mode:BACK
2025-12-03 22:32:48, MOVE, v:1, k:poo@agiota, mode:PICK
2025-12-03 22:32:49, EXEC, v:1, k:poo@agiota, mode:FULL, rate:0
2025-12-03 22:34:46, EXEC, v:1, k:poo@agiota, mode:FULL, rate:0
2025-12-03 22:34:46, EXEC, v:1, k:poo@agiota, mode:FULL, rate:0
2025-12-03 22:35:03, EXEC, v:1, k:poo@agiota, mode:FULL, rate:0, size:122
2025-12-03 22:35:03, EXEC, v:1, k:poo@agiota, mode:FULL, rate:0, size:122
2025-12-03 22:35:04, EXEC, v:1, k:poo@agiota, mode:FULL, rate:0, size:122
2025-12-03 22:35:33, EXEC, v:1, k:poo@agiota, mode:FULL, rate:0
2025-12-03 22:43:49, EXEC, v:1, k:poo@agiota, mode:FULL, rate:0
2025-12-03 22:43:52, MOVE, v:1, k:poo@agiota, mode:BACK
2025-12-03 22:43:54, MOVE, v:1, k:poo@agiota, mode:PICK
2025-12-03 22:43:55, EXEC, v:1, k:poo@agiota, mode:FULL, rate:0
2025-12-03 22:44:57, EXEC, v:1, k:poo@agiota, mode:FULL, rate:0
2025-12-03 22:52:38, EXEC, v:1, k:poo@agiota, mode:FULL, rate:0
2025-12-03 22:58:13, EXEC, v:1, k:poo@agiota, mode:FULL, rate:0
2025-12-03 23:13:34, EXEC, v:1, k:poo@agiota, mode:FULL, rate:0
2025-12-03 23:17:13, EXEC, v:1, k:poo@agiota, mode:FULL, rate:0, size:0
2025-12-03 23:17:14, MOVE, v:1, k:poo@agiota, mode:BACK
2025-12-03 23:17:22, MOVE, v:1, k:poo@contato, mode:PICK
2025-12-03 23:17:23, EXEC, v:1, k:poo@contato, mode:FULL, rate:100
2025-12-03 23:17:24, EXEC, v:1, k:poo@contato, mode:FULL, rate:100
2025-12-03 23:17:24, EXEC, v:1, k:poo@contato, mode:FULL, rate:100
2025-12-03 23:17:25, EXEC, v:1, k:poo@contato, mode:FULL, rate:100
2025-12-03 23:17:27, EXEC, v:1, k:poo@contato, mode:FULL, rate:100
2025-12-03 23:17:27, MOVE, v:1, k:poo@contato, mode:BACK
2025-12-03 23:17:45, SELF, v:1, k:poo@contato, rate:100, human:2, alone:10, study:80
2025-12-03 23:17:53, MOVE, v:1, k:poo@agenda, mode:PICK
2025-12-03 23:17:55, EXEC, v:1, k:poo@agenda, mode:FULL, rate:100
2025-12-03 23:17:57, EXEC, v:1, k:poo@agenda, mode:FULL, rate:100
2025-12-03 23:19:07, EXEC, v:1, k:poo@agenda, mode:FULL, rate:0, size:173
2025-12-03 23:24:41, EXEC, v:1, k:poo@agenda, mode:FULL, rate:0, size:172
2025-12-03 23:26:15, EXEC, v:1, k:poo@agenda, mode:FULL, rate:0, size:172
2025-12-03 23:26:16, EXEC, v:1, k:poo@agenda, mode:FULL, rate:0
2025-12-03 23:26:30, EXEC, v:1, k:poo@agenda, mode:FULL, rate:0, size:173
2025-12-03 23:30:18, EXEC, v:1, k:poo@agenda, mode:FULL, rate:0, size:174
2025-12-03 23:30:32, MOVE, v:1, k:poo@agenda, mode:PICK
2025-12-03 23:30:33, EXEC, v:1, k:poo@agenda, mode:FULL, rate:0
2025-12-03 23:31:25, EXEC, v:1, k:poo@agenda, mode:FULL, rate:12, size:176
2025-12-03 23:32:52, EXEC, v:1, k:poo@agenda, mode:FULL, rate:100, size:175
2025-12-03 23:32:59, MOVE, v:1, k:poo@agenda, mode:BACK
2025-12-03 23:33:08, MOVE, v:1, k:poo@contato, mode:PICK
2025-12-03 23:33:09, EXEC, v:1, k:poo@contato, mode:FULL, rate:100
2025-12-03 23:33:40, EXEC, v:1, k:poo@contato, mode:FULL, rate:100
2025-12-03 23:33:41, MOVE, v:1, k:poo@contato, mode:BACK
2025-12-03 23:34:24, SELF, v:1, k:poo@agenda, rate:100, alone:9, study:350
2025-12-03 23:35:04, MOVE, v:1, k:poo@contato, mode:PICK
2025-12-03 23:35:05, EXEC, v:1, k:poo@contato, mode:FULL, rate:100
2025-12-03 23:36:02, EXEC, v:1, k:poo@contato, mode:FULL, rate:100
2025-12-03 23:36:06, MOVE, v:1, k:poo@contato, mode:BACK
2025-12-03 23:36:17, MOVE, v:1, k:poo@contato, mode:PICK
2025-12-03 23:36:18, EXEC, v:1, k:poo@contato, mode:FULL, rate:100
2025-12-03 23:36:29, EXEC, v:1, k:poo@contato, mode:FULL, rate:100
2025-12-03 23:36:53, MOVE, v:1, k:poo@contato, mode:BACK
2025-12-03 23:36:54, MOVE, v:1, k:poo@contato, mode:PICK
2025-12-03 23:36:55, EXEC, v:1, k:poo@contato, mode:FULL, rate:100
2025-12-03 23:37:38, MOVE, v:1, k:poo@contato, mode:BACK
2025-12-03 23:37:39, MOVE, v:1, k:poo@contato, mode:PICK
2025-12-03 23:37:40, EXEC, v:1, k:poo@contato, mode:FULL, rate:100
2025-12-03 23:44:16, EXEC, v:1, k:poo@contato, mode:FULL, rate:100
2025-12-03 23:44:17, MOVE, v:1, k:poo@contato, mode:BACK
2025-12-03 23:44:19, MOVE, v:1, k:poo@contato, mode:PICK
2025-12-03 23:44:19, EXEC, v:1, k:poo@contato, mode:FULL, rate:100
2025-12-03 23:44:22, EXEC, v:1, k:poo@contato, mode:FULL, rate:100
2025-12-03 23:44:23, MOVE, v:1, k:poo@contato, mode:BACK
2025-12-03 23:44:24, MOVE, v:1, k:poo@contato, mode:PICK
2025-12-03 23:44:25, EXEC, v:1, k:poo@contato, mode:FULL, rate:100
2025-12-03 23:44:25, MOVE, v:1, k:poo@contato, mode:BACK
